ERROR - 2022-01-30 16:04:58 --> Error connecting to the database: Access denied for user ''@'localhost' (using password: NO)
CRITICAL - 2022-01-30 17:05:39 --> include(/config/navbar.php): Failed to open stream: No such file or directory
#0 D:\Projek\CI4\ci4-myauth\app\Views\welcome_message.php(39): CodeIgniter\Debug\Exceptions->errorHandler()
#1 D:\Projek\CI4\ci4-myauth\app\Views\welcome_message.php(39): include()
#2 D:\Projek\CI4\ci4-myauth\system\View\View.php(210): include('...')
#3 D:\Projek\CI4\ci4-myauth\system\View\View.php(213): CodeIgniter\View\View->CodeIgniter\View\{closure}()
#4 D:\Projek\CI4\ci4-myauth\system\Common.php(1089): CodeIgniter\View\View->render()
#5 D:\Projek\CI4\ci4-myauth\app\Controllers\Home.php(9): view()
#6 D:\Projek\CI4\ci4-myauth\system\CodeIgniter.php(825): App\Controllers\Home->index()
#7 D:\Projek\CI4\ci4-myauth\system\CodeIgniter.php(412): CodeIgniter\CodeIgniter->runController()
#8 D:\Projek\CI4\ci4-myauth\system\CodeIgniter.php(320): CodeIgniter\CodeIgniter->handleRequest()
#9 D:\Projek\CI4\ci4-myauth\public\index.php(37): CodeIgniter\CodeIgniter->run()
#10 D:\Projek\CI4\ci4-myauth\system\Commands\Server\rewrite.php(43): require_once('...')
#11 {main}
CRITICAL - 2022-01-30 17:07:29 --> Invalid file: welcome_message.php
#0 D:\Projek\CI4\ci4-myauth\system\View\View.php(198): CodeIgniter\Exceptions\FrameworkException::forInvalidFile()
#1 D:\Projek\CI4\ci4-myauth\system\Common.php(1089): CodeIgniter\View\View->render()
#2 D:\Projek\CI4\ci4-myauth\app\Controllers\Home.php(9): view()
#3 D:\Projek\CI4\ci4-myauth\system\CodeIgniter.php(825): App\Controllers\Home->index()
#4 D:\Projek\CI4\ci4-myauth\system\CodeIgniter.php(412): CodeIgniter\CodeIgniter->runController()
#5 D:\Projek\CI4\ci4-myauth\system\CodeIgniter.php(320): CodeIgniter\CodeIgniter->handleRequest()
#6 D:\Projek\CI4\ci4-myauth\public\index.php(37): CodeIgniter\CodeIgniter->run()
#7 D:\Projek\CI4\ci4-myauth\system\Commands\Server\rewrite.php(43): require_once('...')
#8 {main}
CRITICAL - 2022-01-30 17:11:45 --> Invalid file: config/dashbord.php
#0 D:\Projek\CI4\ci4-myauth\system\View\View.php(198): CodeIgniter\Exceptions\FrameworkException::forInvalidFile()
#1 D:\Projek\CI4\ci4-myauth\system\View\View.php(424): CodeIgniter\View\View->render()
#2 D:\Projek\CI4\ci4-myauth\app\Views\config\template.php(46): CodeIgniter\View\View->include()
#3 D:\Projek\CI4\ci4-myauth\system\View\View.php(210): include('...')
#4 D:\Projek\CI4\ci4-myauth\system\View\View.php(213): CodeIgniter\View\View->CodeIgniter\View\{closure}()
#5 D:\Projek\CI4\ci4-myauth\system\Common.php(1089): CodeIgniter\View\View->render()
#6 D:\Projek\CI4\ci4-myauth\app\Controllers\Home.php(9): view()
#7 D:\Projek\CI4\ci4-myauth\system\CodeIgniter.php(825): App\Controllers\Home->index()
#8 D:\Projek\CI4\ci4-myauth\system\CodeIgniter.php(412): CodeIgniter\CodeIgniter->runController()
#9 D:\Projek\CI4\ci4-myauth\system\CodeIgniter.php(320): CodeIgniter\CodeIgniter->handleRequest()
#10 D:\Projek\CI4\ci4-myauth\public\index.php(37): CodeIgniter\CodeIgniter->run()
#11 D:\Projek\CI4\ci4-myauth\system\Commands\Server\rewrite.php(43): require_once('...')
#12 {main}
CRITICAL - 2022-01-30 18:03:20 --> login filter must have a matching alias defined.
#0 D:\Projek\CI4\ci4-myauth\system\Filters\Filters.php(493): CodeIgniter\Filters\Exceptions\FilterException::forNoAlias()
#1 D:\Projek\CI4\ci4-myauth\system\Filters\Filters.php(243): CodeIgniter\Filters\Filters->processAliasesToClass()
#2 D:\Projek\CI4\ci4-myauth\system\Filters\Filters.php(163): CodeIgniter\Filters\Filters->initialize()
#3 D:\Projek\CI4\ci4-myauth\system\CodeIgniter.php(386): CodeIgniter\Filters\Filters->run()
#4 D:\Projek\CI4\ci4-myauth\system\CodeIgniter.php(320): CodeIgniter\CodeIgniter->handleRequest()
#5 D:\Projek\CI4\ci4-myauth\public\index.php(37): CodeIgniter\CodeIgniter->run()
#6 D:\Projek\CI4\ci4-myauth\system\Commands\Server\rewrite.php(43): require_once('...')
#7 {main}
CRITICAL - 2022-01-30 18:03:46 --> login filter must have a matching alias defined.
#0 D:\Projek\CI4\ci4-myauth\system\Filters\Filters.php(493): CodeIgniter\Filters\Exceptions\FilterException::forNoAlias()
#1 D:\Projek\CI4\ci4-myauth\system\Filters\Filters.php(243): CodeIgniter\Filters\Filters->processAliasesToClass()
#2 D:\Projek\CI4\ci4-myauth\system\Filters\Filters.php(163): CodeIgniter\Filters\Filters->initialize()
#3 D:\Projek\CI4\ci4-myauth\system\CodeIgniter.php(386): CodeIgniter\Filters\Filters->run()
#4 D:\Projek\CI4\ci4-myauth\system\CodeIgniter.php(320): CodeIgniter\CodeIgniter->handleRequest()
#5 D:\Projek\CI4\ci4-myauth\public\index.php(37): CodeIgniter\CodeIgniter->run()
#6 D:\Projek\CI4\ci4-myauth\system\Commands\Server\rewrite.php(43): require_once('...')
#7 {main}
CRITICAL - 2022-01-30 18:07:22 --> login filter must have a matching alias defined.
#0 D:\Projek\CI4\ci4-myauth\system\Filters\Filters.php(493): CodeIgniter\Filters\Exceptions\FilterException::forNoAlias()
#1 D:\Projek\CI4\ci4-myauth\system\Filters\Filters.php(243): CodeIgniter\Filters\Filters->processAliasesToClass()
#2 D:\Projek\CI4\ci4-myauth\system\Filters\Filters.php(163): CodeIgniter\Filters\Filters->initialize()
#3 D:\Projek\CI4\ci4-myauth\system\CodeIgniter.php(386): CodeIgniter\Filters\Filters->run()
#4 D:\Projek\CI4\ci4-myauth\system\CodeIgniter.php(320): CodeIgniter\CodeIgniter->handleRequest()
#5 D:\Projek\CI4\ci4-myauth\public\index.php(37): CodeIgniter\CodeIgniter->run()
#6 D:\Projek\CI4\ci4-myauth\system\Commands\Server\rewrite.php(43): require_once('...')
#7 {main}
CRITICAL - 2022-01-30 18:11:30 --> logn filter must have a matching alias defined.
#0 D:\Projek\CI4\ci4-myauth\system\Filters\Filters.php(493): CodeIgniter\Filters\Exceptions\FilterException::forNoAlias()
#1 D:\Projek\CI4\ci4-myauth\system\Filters\Filters.php(243): CodeIgniter\Filters\Filters->processAliasesToClass()
#2 D:\Projek\CI4\ci4-myauth\system\Filters\Filters.php(163): CodeIgniter\Filters\Filters->initialize()
#3 D:\Projek\CI4\ci4-myauth\system\CodeIgniter.php(386): CodeIgniter\Filters\Filters->run()
#4 D:\Projek\CI4\ci4-myauth\system\CodeIgniter.php(320): CodeIgniter\CodeIgniter->handleRequest()
#5 D:\Projek\CI4\ci4-myauth\public\index.php(37): CodeIgniter\CodeIgniter->run()
#6 D:\Projek\CI4\ci4-myauth\system\Commands\Server\rewrite.php(43): require_once('...')
#7 {main}
CRITICAL - 2022-01-30 18:11:59 --> logn filter must have a matching alias defined.
#0 D:\Projek\CI4\ci4-myauth\system\Filters\Filters.php(493): CodeIgniter\Filters\Exceptions\FilterException::forNoAlias()
#1 D:\Projek\CI4\ci4-myauth\system\Filters\Filters.php(243): CodeIgniter\Filters\Filters->processAliasesToClass()
#2 D:\Projek\CI4\ci4-myauth\system\Filters\Filters.php(163): CodeIgniter\Filters\Filters->initialize()
#3 D:\Projek\CI4\ci4-myauth\system\CodeIgniter.php(386): CodeIgniter\Filters\Filters->run()
#4 D:\Projek\CI4\ci4-myauth\system\CodeIgniter.php(320): CodeIgniter\CodeIgniter->handleRequest()
#5 D:\Projek\CI4\ci4-myauth\public\index.php(37): CodeIgniter\CodeIgniter->run()
#6 D:\Projek\CI4\ci4-myauth\system\Commands\Server\rewrite.php(43): require_once('...')
#7 {main}
CRITICAL - 2022-01-30 18:26:59 --> syntax error, unexpected token "if"
#0 D:\Projek\CI4\ci4-myauth\system\CodeIgniter.php(361): CodeIgniter\CodeIgniter->tryToRouteIt()
#1 D:\Projek\CI4\ci4-myauth\system\CodeIgniter.php(320): CodeIgniter\CodeIgniter->handleRequest()
#2 D:\Projek\CI4\ci4-myauth\public\index.php(37): CodeIgniter\CodeIgniter->run()
#3 D:\Projek\CI4\ci4-myauth\system\Commands\Server\rewrite.php(43): require_once('...')
#4 {main}
CRITICAL - 2022-01-30 18:30:20 --> syntax error, unexpected variable "$routes"
#0 D:\Projek\CI4\ci4-myauth\system\CodeIgniter.php(361): CodeIgniter\CodeIgniter->tryToRouteIt()
#1 D:\Projek\CI4\ci4-myauth\system\CodeIgniter.php(320): CodeIgniter\CodeIgniter->handleRequest()
#2 D:\Projek\CI4\ci4-myauth\public\index.php(37): CodeIgniter\CodeIgniter->run()
#3 D:\Projek\CI4\ci4-myauth\system\Commands\Server\rewrite.php(43): require_once('...')
#4 {main}
ERROR - 2022-01-30 18:34:07 --> Email: sendWithMail throwed mail(): Failed to connect to mailserver at &quot;localhost&quot; port 25, verify your &quot;SMTP&quot; and &quot;smtp_port&quot; setting in php.ini or use ini_set()
ERROR - 2022-01-30 18:34:53 --> Email: sendWithMail throwed mail(): Failed to connect to mailserver at &quot;localhost&quot; port 25, verify your &quot;SMTP&quot; and &quot;smtp_port&quot; setting in php.ini or use ini_set()
ERROR - 2022-01-30 18:35:29 --> Email: sendWithMail throwed mail(): Failed to connect to mailserver at &quot;localhost&quot; port 25, verify your &quot;SMTP&quot; and &quot;smtp_port&quot; setting in php.ini or use ini_set()
CRITICAL - 2022-01-30 18:35:55 --> You do not have sufficient permissions to access that page.
#0 D:\Projek\CI4\ci4-myauth\system\Filters\Filters.php(173): Myth\Auth\Filters\PermissionFilter->before()
#1 D:\Projek\CI4\ci4-myauth\system\CodeIgniter.php(386): CodeIgniter\Filters\Filters->run()
#2 D:\Projek\CI4\ci4-myauth\system\CodeIgniter.php(320): CodeIgniter\CodeIgniter->handleRequest()
#3 D:\Projek\CI4\ci4-myauth\public\index.php(37): CodeIgniter\CodeIgniter->run()
#4 D:\Projek\CI4\ci4-myauth\system\Commands\Server\rewrite.php(43): require_once('...')
#5 {main}
CRITICAL - 2022-01-30 18:41:27 --> You do not have sufficient permissions to access that page.
#0 D:\Projek\CI4\ci4-myauth\system\Filters\Filters.php(173): Myth\Auth\Filters\PermissionFilter->before()
#1 D:\Projek\CI4\ci4-myauth\system\CodeIgniter.php(386): CodeIgniter\Filters\Filters->run()
#2 D:\Projek\CI4\ci4-myauth\system\CodeIgniter.php(320): CodeIgniter\CodeIgniter->handleRequest()
#3 D:\Projek\CI4\ci4-myauth\public\index.php(37): CodeIgniter\CodeIgniter->run()
#4 D:\Projek\CI4\ci4-myauth\system\Commands\Server\rewrite.php(43): require_once('...')
#5 {main}
CRITICAL - 2022-01-30 18:43:27 --> You do not have sufficient permissions to access that page.
#0 D:\Projek\CI4\ci4-myauth\system\Filters\Filters.php(173): Myth\Auth\Filters\PermissionFilter->before()
#1 D:\Projek\CI4\ci4-myauth\system\CodeIgniter.php(386): CodeIgniter\Filters\Filters->run()
#2 D:\Projek\CI4\ci4-myauth\system\CodeIgniter.php(320): CodeIgniter\CodeIgniter->handleRequest()
#3 D:\Projek\CI4\ci4-myauth\public\index.php(37): CodeIgniter\CodeIgniter->run()
#4 D:\Projek\CI4\ci4-myauth\system\Commands\Server\rewrite.php(43): require_once('...')
#5 {main}
CRITICAL - 2022-01-30 18:44:05 --> You do not have sufficient permissions to access that page.
#0 D:\Projek\CI4\ci4-myauth\system\Filters\Filters.php(173): Myth\Auth\Filters\PermissionFilter->before()
#1 D:\Projek\CI4\ci4-myauth\system\CodeIgniter.php(386): CodeIgniter\Filters\Filters->run()
#2 D:\Projek\CI4\ci4-myauth\system\CodeIgniter.php(320): CodeIgniter\CodeIgniter->handleRequest()
#3 D:\Projek\CI4\ci4-myauth\public\index.php(37): CodeIgniter\CodeIgniter->run()
#4 D:\Projek\CI4\ci4-myauth\system\Commands\Server\rewrite.php(43): require_once('...')
#5 {main}
CRITICAL - 2022-01-30 20:58:28 --> You do not have sufficient permissions to access that page.
#0 D:\Projek\CI4\ci4-myauth\system\Filters\Filters.php(173): Myth\Auth\Filters\PermissionFilter->before()
#1 D:\Projek\CI4\ci4-myauth\system\CodeIgniter.php(386): CodeIgniter\Filters\Filters->run()
#2 D:\Projek\CI4\ci4-myauth\system\CodeIgniter.php(320): CodeIgniter\CodeIgniter->handleRequest()
#3 D:\Projek\CI4\ci4-myauth\public\index.php(37): CodeIgniter\CodeIgniter->run()
#4 D:\Projek\CI4\ci4-myauth\system\Commands\Server\rewrite.php(43): require_once('...')
#5 {main}
CRITICAL - 2022-01-30 20:58:30 --> You do not have sufficient permissions to access that page.
#0 D:\Projek\CI4\ci4-myauth\system\Filters\Filters.php(173): Myth\Auth\Filters\PermissionFilter->before()
#1 D:\Projek\CI4\ci4-myauth\system\CodeIgniter.php(386): CodeIgniter\Filters\Filters->run()
#2 D:\Projek\CI4\ci4-myauth\system\CodeIgniter.php(320): CodeIgniter\CodeIgniter->handleRequest()
#3 D:\Projek\CI4\ci4-myauth\public\index.php(37): CodeIgniter\CodeIgniter->run()
#4 D:\Projek\CI4\ci4-myauth\system\Commands\Server\rewrite.php(43): require_once('...')
#5 {main}
CRITICAL - 2022-01-30 20:58:32 --> You do not have sufficient permissions to access that page.
#0 D:\Projek\CI4\ci4-myauth\system\Filters\Filters.php(173): Myth\Auth\Filters\PermissionFilter->before()
#1 D:\Projek\CI4\ci4-myauth\system\CodeIgniter.php(386): CodeIgniter\Filters\Filters->run()
#2 D:\Projek\CI4\ci4-myauth\system\CodeIgniter.php(320): CodeIgniter\CodeIgniter->handleRequest()
#3 D:\Projek\CI4\ci4-myauth\public\index.php(37): CodeIgniter\CodeIgniter->run()
#4 D:\Projek\CI4\ci4-myauth\system\Commands\Server\rewrite.php(43): require_once('...')
#5 {main}
CRITICAL - 2022-01-30 20:58:34 --> You do not have sufficient permissions to access that page.
#0 D:\Projek\CI4\ci4-myauth\system\Filters\Filters.php(173): Myth\Auth\Filters\PermissionFilter->before()
#1 D:\Projek\CI4\ci4-myauth\system\CodeIgniter.php(386): CodeIgniter\Filters\Filters->run()
#2 D:\Projek\CI4\ci4-myauth\system\CodeIgniter.php(320): CodeIgniter\CodeIgniter->handleRequest()
#3 D:\Projek\CI4\ci4-myauth\public\index.php(37): CodeIgniter\CodeIgniter->run()
#4 D:\Projek\CI4\ci4-myauth\system\Commands\Server\rewrite.php(43): require_once('...')
#5 {main}
CRITICAL - 2022-01-30 20:58:37 --> You do not have sufficient permissions to access that page.
#0 D:\Projek\CI4\ci4-myauth\system\Filters\Filters.php(173): Myth\Auth\Filters\PermissionFilter->before()
#1 D:\Projek\CI4\ci4-myauth\system\CodeIgniter.php(386): CodeIgniter\Filters\Filters->run()
#2 D:\Projek\CI4\ci4-myauth\system\CodeIgniter.php(320): CodeIgniter\CodeIgniter->handleRequest()
#3 D:\Projek\CI4\ci4-myauth\public\index.php(37): CodeIgniter\CodeIgniter->run()
#4 D:\Projek\CI4\ci4-myauth\system\Commands\Server\rewrite.php(43): require_once('...')
#5 {main}
CRITICAL - 2022-01-30 20:58:42 --> You do not have sufficient permissions to access that page.
#0 D:\Projek\CI4\ci4-myauth\system\Filters\Filters.php(173): Myth\Auth\Filters\PermissionFilter->before()
#1 D:\Projek\CI4\ci4-myauth\system\CodeIgniter.php(386): CodeIgniter\Filters\Filters->run()
#2 D:\Projek\CI4\ci4-myauth\system\CodeIgniter.php(320): CodeIgniter\CodeIgniter->handleRequest()
#3 D:\Projek\CI4\ci4-myauth\public\index.php(37): CodeIgniter\CodeIgniter->run()
#4 D:\Projek\CI4\ci4-myauth\system\Commands\Server\rewrite.php(43): require_once('...')
#5 {main}
CRITICAL - 2022-01-30 20:58:43 --> You do not have sufficient permissions to access that page.
#0 D:\Projek\CI4\ci4-myauth\system\Filters\Filters.php(173): Myth\Auth\Filters\PermissionFilter->before()
#1 D:\Projek\CI4\ci4-myauth\system\CodeIgniter.php(386): CodeIgniter\Filters\Filters->run()
#2 D:\Projek\CI4\ci4-myauth\system\CodeIgniter.php(320): CodeIgniter\CodeIgniter->handleRequest()
#3 D:\Projek\CI4\ci4-myauth\public\index.php(37): CodeIgniter\CodeIgniter->run()
#4 D:\Projek\CI4\ci4-myauth\system\Commands\Server\rewrite.php(43): require_once('...')
#5 {main}
CRITICAL - 2022-01-30 20:58:44 --> You do not have sufficient permissions to access that page.
#0 D:\Projek\CI4\ci4-myauth\system\Filters\Filters.php(173): Myth\Auth\Filters\PermissionFilter->before()
#1 D:\Projek\CI4\ci4-myauth\system\CodeIgniter.php(386): CodeIgniter\Filters\Filters->run()
#2 D:\Projek\CI4\ci4-myauth\system\CodeIgniter.php(320): CodeIgniter\CodeIgniter->handleRequest()
#3 D:\Projek\CI4\ci4-myauth\public\index.php(37): CodeIgniter\CodeIgniter->run()
#4 D:\Projek\CI4\ci4-myauth\system\Commands\Server\rewrite.php(43): require_once('...')
#5 {main}
CRITICAL - 2022-01-30 20:58:44 --> You do not have sufficient permissions to access that page.
#0 D:\Projek\CI4\ci4-myauth\system\Filters\Filters.php(173): Myth\Auth\Filters\PermissionFilter->before()
#1 D:\Projek\CI4\ci4-myauth\system\CodeIgniter.php(386): CodeIgniter\Filters\Filters->run()
#2 D:\Projek\CI4\ci4-myauth\system\CodeIgniter.php(320): CodeIgniter\CodeIgniter->handleRequest()
#3 D:\Projek\CI4\ci4-myauth\public\index.php(37): CodeIgniter\CodeIgniter->run()
#4 D:\Projek\CI4\ci4-myauth\system\Commands\Server\rewrite.php(43): require_once('...')
#5 {main}
CRITICAL - 2022-01-30 20:58:45 --> You do not have sufficient permissions to access that page.
#0 D:\Projek\CI4\ci4-myauth\system\Filters\Filters.php(173): Myth\Auth\Filters\PermissionFilter->before()
#1 D:\Projek\CI4\ci4-myauth\system\CodeIgniter.php(386): CodeIgniter\Filters\Filters->run()
#2 D:\Projek\CI4\ci4-myauth\system\CodeIgniter.php(320): CodeIgniter\CodeIgniter->handleRequest()
#3 D:\Projek\CI4\ci4-myauth\public\index.php(37): CodeIgniter\CodeIgniter->run()
#4 D:\Projek\CI4\ci4-myauth\system\Commands\Server\rewrite.php(43): require_once('...')
#5 {main}
CRITICAL - 2022-01-30 20:58:45 --> You do not have sufficient permissions to access that page.
#0 D:\Projek\CI4\ci4-myauth\system\Filters\Filters.php(173): Myth\Auth\Filters\PermissionFilter->before()
#1 D:\Projek\CI4\ci4-myauth\system\CodeIgniter.php(386): CodeIgniter\Filters\Filters->run()
#2 D:\Projek\CI4\ci4-myauth\system\CodeIgniter.php(320): CodeIgniter\CodeIgniter->handleRequest()
#3 D:\Projek\CI4\ci4-myauth\public\index.php(37): CodeIgniter\CodeIgniter->run()
#4 D:\Projek\CI4\ci4-myauth\system\Commands\Server\rewrite.php(43): require_once('...')
#5 {main}
CRITICAL - 2022-01-30 20:58:45 --> You do not have sufficient permissions to access that page.
#0 D:\Projek\CI4\ci4-myauth\system\Filters\Filters.php(173): Myth\Auth\Filters\PermissionFilter->before()
#1 D:\Projek\CI4\ci4-myauth\system\CodeIgniter.php(386): CodeIgniter\Filters\Filters->run()
#2 D:\Projek\CI4\ci4-myauth\system\CodeIgniter.php(320): CodeIgniter\CodeIgniter->handleRequest()
#3 D:\Projek\CI4\ci4-myauth\public\index.php(37): CodeIgniter\CodeIgniter->run()
#4 D:\Projek\CI4\ci4-myauth\system\Commands\Server\rewrite.php(43): require_once('...')
#5 {main}
CRITICAL - 2022-01-30 20:58:45 --> You do not have sufficient permissions to access that page.
#0 D:\Projek\CI4\ci4-myauth\system\Filters\Filters.php(173): Myth\Auth\Filters\PermissionFilter->before()
#1 D:\Projek\CI4\ci4-myauth\system\CodeIgniter.php(386): CodeIgniter\Filters\Filters->run()
#2 D:\Projek\CI4\ci4-myauth\system\CodeIgniter.php(320): CodeIgniter\CodeIgniter->handleRequest()
#3 D:\Projek\CI4\ci4-myauth\public\index.php(37): CodeIgniter\CodeIgniter->run()
#4 D:\Projek\CI4\ci4-myauth\system\Commands\Server\rewrite.php(43): require_once('...')
#5 {main}
CRITICAL - 2022-01-30 20:58:46 --> You do not have sufficient permissions to access that page.
#0 D:\Projek\CI4\ci4-myauth\system\Filters\Filters.php(173): Myth\Auth\Filters\PermissionFilter->before()
#1 D:\Projek\CI4\ci4-myauth\system\CodeIgniter.php(386): CodeIgniter\Filters\Filters->run()
#2 D:\Projek\CI4\ci4-myauth\system\CodeIgniter.php(320): CodeIgniter\CodeIgniter->handleRequest()
#3 D:\Projek\CI4\ci4-myauth\public\index.php(37): CodeIgniter\CodeIgniter->run()
#4 D:\Projek\CI4\ci4-myauth\system\Commands\Server\rewrite.php(43): require_once('...')
#5 {main}
CRITICAL - 2022-01-30 20:58:46 --> You do not have sufficient permissions to access that page.
#0 D:\Projek\CI4\ci4-myauth\system\Filters\Filters.php(173): Myth\Auth\Filters\PermissionFilter->before()
#1 D:\Projek\CI4\ci4-myauth\system\CodeIgniter.php(386): CodeIgniter\Filters\Filters->run()
#2 D:\Projek\CI4\ci4-myauth\system\CodeIgniter.php(320): CodeIgniter\CodeIgniter->handleRequest()
#3 D:\Projek\CI4\ci4-myauth\public\index.php(37): CodeIgniter\CodeIgniter->run()
#4 D:\Projek\CI4\ci4-myauth\system\Commands\Server\rewrite.php(43): require_once('...')
#5 {main}
CRITICAL - 2022-01-30 20:58:46 --> You do not have sufficient permissions to access that page.
#0 D:\Projek\CI4\ci4-myauth\system\Filters\Filters.php(173): Myth\Auth\Filters\PermissionFilter->before()
#1 D:\Projek\CI4\ci4-myauth\system\CodeIgniter.php(386): CodeIgniter\Filters\Filters->run()
#2 D:\Projek\CI4\ci4-myauth\system\CodeIgniter.php(320): CodeIgniter\CodeIgniter->handleRequest()
#3 D:\Projek\CI4\ci4-myauth\public\index.php(37): CodeIgniter\CodeIgniter->run()
#4 D:\Projek\CI4\ci4-myauth\system\Commands\Server\rewrite.php(43): require_once('...')
#5 {main}
CRITICAL - 2022-01-30 20:58:56 --> You do not have sufficient permissions to access that page.
#0 D:\Projek\CI4\ci4-myauth\system\Filters\Filters.php(173): Myth\Auth\Filters\PermissionFilter->before()
#1 D:\Projek\CI4\ci4-myauth\system\CodeIgniter.php(386): CodeIgniter\Filters\Filters->run()
#2 D:\Projek\CI4\ci4-myauth\system\CodeIgniter.php(320): CodeIgniter\CodeIgniter->handleRequest()
#3 D:\Projek\CI4\ci4-myauth\public\index.php(37): CodeIgniter\CodeIgniter->run()
#4 D:\Projek\CI4\ci4-myauth\system\Commands\Server\rewrite.php(43): require_once('...')
#5 {main}
CRITICAL - 2022-01-30 21:10:10 --> Object of class Myth\Auth\Entities\User could not be converted to string
#0 D:\Projek\CI4\ci4-myauth\system\View\View.php(210): include()
#1 D:\Projek\CI4\ci4-myauth\system\View\View.php(213): CodeIgniter\View\View->CodeIgniter\View\{closure}()
#2 D:\Projek\CI4\ci4-myauth\system\View\View.php(424): CodeIgniter\View\View->render()
#3 D:\Projek\CI4\ci4-myauth\app\Views\config\template.php(41): CodeIgniter\View\View->include()
#4 D:\Projek\CI4\ci4-myauth\system\View\View.php(210): include('...')
#5 D:\Projek\CI4\ci4-myauth\system\View\View.php(213): CodeIgniter\View\View->CodeIgniter\View\{closure}()
#6 D:\Projek\CI4\ci4-myauth\system\Common.php(1089): CodeIgniter\View\View->render()
#7 D:\Projek\CI4\ci4-myauth\app\Controllers\Home.php(10): view()
#8 D:\Projek\CI4\ci4-myauth\system\CodeIgniter.php(825): App\Controllers\Home->index()
#9 D:\Projek\CI4\ci4-myauth\system\CodeIgniter.php(412): CodeIgniter\CodeIgniter->runController()
#10 D:\Projek\CI4\ci4-myauth\system\CodeIgniter.php(320): CodeIgniter\CodeIgniter->handleRequest()
#11 D:\Projek\CI4\ci4-myauth\public\index.php(37): CodeIgniter\CodeIgniter->run()
#12 D:\Projek\CI4\ci4-myauth\system\Commands\Server\rewrite.php(43): require_once('...')
#13 {main}
CRITICAL - 2022-01-30 21:10:13 --> Object of class Myth\Auth\Entities\User could not be converted to string
#0 D:\Projek\CI4\ci4-myauth\system\View\View.php(210): include()
#1 D:\Projek\CI4\ci4-myauth\system\View\View.php(213): CodeIgniter\View\View->CodeIgniter\View\{closure}()
#2 D:\Projek\CI4\ci4-myauth\system\View\View.php(424): CodeIgniter\View\View->render()
#3 D:\Projek\CI4\ci4-myauth\app\Views\config\template.php(41): CodeIgniter\View\View->include()
#4 D:\Projek\CI4\ci4-myauth\system\View\View.php(210): include('...')
#5 D:\Projek\CI4\ci4-myauth\system\View\View.php(213): CodeIgniter\View\View->CodeIgniter\View\{closure}()
#6 D:\Projek\CI4\ci4-myauth\system\Common.php(1089): CodeIgniter\View\View->render()
#7 D:\Projek\CI4\ci4-myauth\app\Controllers\Home.php(10): view()
#8 D:\Projek\CI4\ci4-myauth\system\CodeIgniter.php(825): App\Controllers\Home->index()
#9 D:\Projek\CI4\ci4-myauth\system\CodeIgniter.php(412): CodeIgniter\CodeIgniter->runController()
#10 D:\Projek\CI4\ci4-myauth\system\CodeIgniter.php(320): CodeIgniter\CodeIgniter->handleRequest()
#11 D:\Projek\CI4\ci4-myauth\public\index.php(37): CodeIgniter\CodeIgniter->run()
#12 D:\Projek\CI4\ci4-myauth\system\Commands\Server\rewrite.php(43): require_once('...')
#13 {main}
CRITICAL - 2022-01-30 21:14:31 --> Object of class Myth\Auth\Entities\User could not be converted to string
#0 D:\Projek\CI4\ci4-myauth\system\CodeIgniter.php(825): App\Controllers\Home->index()
#1 D:\Projek\CI4\ci4-myauth\system\CodeIgniter.php(412): CodeIgniter\CodeIgniter->runController()
#2 D:\Projek\CI4\ci4-myauth\system\CodeIgniter.php(320): CodeIgniter\CodeIgniter->handleRequest()
#3 D:\Projek\CI4\ci4-myauth\public\index.php(37): CodeIgniter\CodeIgniter->run()
#4 D:\Projek\CI4\ci4-myauth\system\Commands\Server\rewrite.php(43): require_once('...')
#5 {main}
CRITICAL - 2022-01-30 21:45:39 --> View themes, no current section.
#0 D:\Projek\CI4\ci4-myauth\app\Views\config\login\login.php(62): CodeIgniter\View\View->endSection()
#1 D:\Projek\CI4\ci4-myauth\system\View\View.php(210): include('...')
#2 D:\Projek\CI4\ci4-myauth\system\View\View.php(213): CodeIgniter\View\View->CodeIgniter\View\{closure}()
#3 D:\Projek\CI4\ci4-myauth\system\Common.php(1089): CodeIgniter\View\View->render()
#4 D:\Projek\CI4\ci4-myauth\vendor\myth\auth\src\Controllers\AuthController.php(429): view()
#5 D:\Projek\CI4\ci4-myauth\vendor\myth\auth\src\Controllers\AuthController.php(57): Myth\Auth\Controllers\AuthController->_render()
#6 D:\Projek\CI4\ci4-myauth\system\CodeIgniter.php(825): Myth\Auth\Controllers\AuthController->login()
#7 D:\Projek\CI4\ci4-myauth\system\CodeIgniter.php(412): CodeIgniter\CodeIgniter->runController()
#8 D:\Projek\CI4\ci4-myauth\system\CodeIgniter.php(320): CodeIgniter\CodeIgniter->handleRequest()
#9 D:\Projek\CI4\ci4-myauth\public\index.php(37): CodeIgniter\CodeIgniter->run()
#10 D:\Projek\CI4\ci4-myauth\system\Commands\Server\rewrite.php(43): require_once('...')
#11 {main}
CRITICAL - 2022-01-30 22:02:59 --> syntax error, unexpected end of file
#0 D:\Projek\CI4\ci4-myauth\system\View\View.php(213): CodeIgniter\View\View->CodeIgniter\View\{closure}()
#1 D:\Projek\CI4\ci4-myauth\system\Common.php(1089): CodeIgniter\View\View->render()
#2 D:\Projek\CI4\ci4-myauth\vendor\myth\auth\src\Controllers\AuthController.php(429): view()
#3 D:\Projek\CI4\ci4-myauth\vendor\myth\auth\src\Controllers\AuthController.php(57): Myth\Auth\Controllers\AuthController->_render()
#4 D:\Projek\CI4\ci4-myauth\system\CodeIgniter.php(825): Myth\Auth\Controllers\AuthController->login()
#5 D:\Projek\CI4\ci4-myauth\system\CodeIgniter.php(412): CodeIgniter\CodeIgniter->runController()
#6 D:\Projek\CI4\ci4-myauth\system\CodeIgniter.php(320): CodeIgniter\CodeIgniter->handleRequest()
#7 D:\Projek\CI4\ci4-myauth\public\index.php(37): CodeIgniter\CodeIgniter->run()
#8 D:\Projek\CI4\ci4-myauth\system\Commands\Server\rewrite.php(43): require_once('...')
#9 {main}
