CRITICAL - 2022-01-31 18:35:17 --> Invalid file: pages/dashbord.php
#0 D:\Projek\CI4\ci4-myauth\system\View\View.php(198): CodeIgniter\Exceptions\FrameworkException::forInvalidFile()
#1 D:\Projek\CI4\ci4-myauth\system\Common.php(1089): CodeIgniter\View\View->render()
#2 D:\Projek\CI4\ci4-myauth\app\Controllers\Home.php(9): view()
#3 D:\Projek\CI4\ci4-myauth\system\CodeIgniter.php(825): App\Controllers\Home->index()
#4 D:\Projek\CI4\ci4-myauth\system\CodeIgniter.php(412): CodeIgniter\CodeIgniter->runController()
#5 D:\Projek\CI4\ci4-myauth\system\CodeIgniter.php(320): CodeIgniter\CodeIgniter->handleRequest()
#6 D:\Projek\CI4\ci4-myauth\public\index.php(37): CodeIgniter\CodeIgniter->run()
#7 D:\Projek\CI4\ci4-myauth\system\Commands\Server\rewrite.php(43): require_once('...')
#8 {main}
CRITICAL - 2022-01-31 18:36:40 --> Too few arguments to function CodeIgniter\View\View::section(), 0 passed in D:\Projek\CI4\ci4-myauth\app\Views\dashbord.php on line 2 and exactly 1 expected
#0 D:\Projek\CI4\ci4-myauth\app\Views\dashbord.php(2): CodeIgniter\View\View->section()
#1 D:\Projek\CI4\ci4-myauth\system\View\View.php(210): include('...')
#2 D:\Projek\CI4\ci4-myauth\system\View\View.php(213): CodeIgniter\View\View->CodeIgniter\View\{closure}()
#3 D:\Projek\CI4\ci4-myauth\system\Common.php(1089): CodeIgniter\View\View->render()
#4 D:\Projek\CI4\ci4-myauth\app\Controllers\Home.php(9): view()
#5 D:\Projek\CI4\ci4-myauth\system\CodeIgniter.php(825): App\Controllers\Home->index()
#6 D:\Projek\CI4\ci4-myauth\system\CodeIgniter.php(412): CodeIgniter\CodeIgniter->runController()
#7 D:\Projek\CI4\ci4-myauth\system\CodeIgniter.php(320): CodeIgniter\CodeIgniter->handleRequest()
#8 D:\Projek\CI4\ci4-myauth\public\index.php(37): CodeIgniter\CodeIgniter->run()
#9 D:\Projek\CI4\ci4-myauth\system\Commands\Server\rewrite.php(43): require_once('...')
#10 {main}
CRITICAL - 2022-01-31 18:42:18 --> Attempt to read property "username" on null
#0 D:\Projek\CI4\ci4-myauth\app\Views\config\main_sidebar.php(17): CodeIgniter\Debug\Exceptions->errorHandler()
#1 D:\Projek\CI4\ci4-myauth\system\View\View.php(210): include('...')
#2 D:\Projek\CI4\ci4-myauth\system\View\View.php(213): CodeIgniter\View\View->CodeIgniter\View\{closure}()
#3 D:\Projek\CI4\ci4-myauth\system\View\View.php(424): CodeIgniter\View\View->render()
#4 D:\Projek\CI4\ci4-myauth\app\Views\config\template.php(41): CodeIgniter\View\View->include()
#5 D:\Projek\CI4\ci4-myauth\system\View\View.php(210): include('...')
#6 D:\Projek\CI4\ci4-myauth\system\View\View.php(213): CodeIgniter\View\View->CodeIgniter\View\{closure}()
#7 D:\Projek\CI4\ci4-myauth\system\View\View.php(226): CodeIgniter\View\View->render()
#8 D:\Projek\CI4\ci4-myauth\system\Common.php(1089): CodeIgniter\View\View->render()
#9 D:\Projek\CI4\ci4-myauth\app\Controllers\Home.php(9): view()
#10 D:\Projek\CI4\ci4-myauth\system\CodeIgniter.php(825): App\Controllers\Home->index()
#11 D:\Projek\CI4\ci4-myauth\system\CodeIgniter.php(412): CodeIgniter\CodeIgniter->runController()
#12 D:\Projek\CI4\ci4-myauth\system\CodeIgniter.php(320): CodeIgniter\CodeIgniter->handleRequest()
#13 D:\Projek\CI4\ci4-myauth\public\index.php(37): CodeIgniter\CodeIgniter->run()
#14 D:\Projek\CI4\ci4-myauth\system\Commands\Server\rewrite.php(43): require_once('...')
#15 {main}
CRITICAL - 2022-01-31 18:43:09 --> Attempt to read property "username" on null
#0 D:\Projek\CI4\ci4-myauth\app\Views\config\main_sidebar.php(17): CodeIgniter\Debug\Exceptions->errorHandler()
#1 D:\Projek\CI4\ci4-myauth\system\View\View.php(210): include('...')
#2 D:\Projek\CI4\ci4-myauth\system\View\View.php(213): CodeIgniter\View\View->CodeIgniter\View\{closure}()
#3 D:\Projek\CI4\ci4-myauth\system\View\View.php(424): CodeIgniter\View\View->render()
#4 D:\Projek\CI4\ci4-myauth\app\Views\config\template.php(41): CodeIgniter\View\View->include()
#5 D:\Projek\CI4\ci4-myauth\system\View\View.php(210): include('...')
#6 D:\Projek\CI4\ci4-myauth\system\View\View.php(213): CodeIgniter\View\View->CodeIgniter\View\{closure}()
#7 D:\Projek\CI4\ci4-myauth\system\View\View.php(226): CodeIgniter\View\View->render()
#8 D:\Projek\CI4\ci4-myauth\system\Common.php(1089): CodeIgniter\View\View->render()
#9 D:\Projek\CI4\ci4-myauth\app\Controllers\Home.php(9): view()
#10 D:\Projek\CI4\ci4-myauth\system\CodeIgniter.php(825): App\Controllers\Home->index()
#11 D:\Projek\CI4\ci4-myauth\system\CodeIgniter.php(412): CodeIgniter\CodeIgniter->runController()
#12 D:\Projek\CI4\ci4-myauth\system\CodeIgniter.php(320): CodeIgniter\CodeIgniter->handleRequest()
#13 D:\Projek\CI4\ci4-myauth\public\index.php(37): CodeIgniter\CodeIgniter->run()
#14 D:\Projek\CI4\ci4-myauth\system\Commands\Server\rewrite.php(43): require_once('...')
#15 {main}
CRITICAL - 2022-01-31 18:43:50 --> Invalid file: dashbord.php
#0 D:\Projek\CI4\ci4-myauth\system\View\View.php(198): CodeIgniter\Exceptions\FrameworkException::forInvalidFile()
#1 D:\Projek\CI4\ci4-myauth\system\Common.php(1089): CodeIgniter\View\View->render()
#2 D:\Projek\CI4\ci4-myauth\app\Controllers\Home.php(9): view()
#3 D:\Projek\CI4\ci4-myauth\system\CodeIgniter.php(825): App\Controllers\Home->index()
#4 D:\Projek\CI4\ci4-myauth\system\CodeIgniter.php(412): CodeIgniter\CodeIgniter->runController()
#5 D:\Projek\CI4\ci4-myauth\system\CodeIgniter.php(320): CodeIgniter\CodeIgniter->handleRequest()
#6 D:\Projek\CI4\ci4-myauth\public\index.php(37): CodeIgniter\CodeIgniter->run()
#7 D:\Projek\CI4\ci4-myauth\system\Commands\Server\rewrite.php(43): require_once('...')
#8 {main}
CRITICAL - 2022-01-31 18:44:53 --> Invalid file: dashbord.php
#0 D:\Projek\CI4\ci4-myauth\system\View\View.php(198): CodeIgniter\Exceptions\FrameworkException::forInvalidFile()
#1 D:\Projek\CI4\ci4-myauth\system\Common.php(1089): CodeIgniter\View\View->render()
#2 D:\Projek\CI4\ci4-myauth\app\Controllers\Home.php(9): view()
#3 D:\Projek\CI4\ci4-myauth\system\CodeIgniter.php(825): App\Controllers\Home->index()
#4 D:\Projek\CI4\ci4-myauth\system\CodeIgniter.php(412): CodeIgniter\CodeIgniter->runController()
#5 D:\Projek\CI4\ci4-myauth\system\CodeIgniter.php(320): CodeIgniter\CodeIgniter->handleRequest()
#6 D:\Projek\CI4\ci4-myauth\public\index.php(37): CodeIgniter\CodeIgniter->run()
#7 D:\Projek\CI4\ci4-myauth\system\Commands\Server\rewrite.php(43): require_once('...')
#8 {main}
CRITICAL - 2022-01-31 18:45:06 --> Invalid file: pagas.php
#0 D:\Projek\CI4\ci4-myauth\system\View\View.php(198): CodeIgniter\Exceptions\FrameworkException::forInvalidFile()
#1 D:\Projek\CI4\ci4-myauth\system\Common.php(1089): CodeIgniter\View\View->render()
#2 D:\Projek\CI4\ci4-myauth\app\Controllers\Home.php(9): view()
#3 D:\Projek\CI4\ci4-myauth\system\CodeIgniter.php(825): App\Controllers\Home->index()
#4 D:\Projek\CI4\ci4-myauth\system\CodeIgniter.php(412): CodeIgniter\CodeIgniter->runController()
#5 D:\Projek\CI4\ci4-myauth\system\CodeIgniter.php(320): CodeIgniter\CodeIgniter->handleRequest()
#6 D:\Projek\CI4\ci4-myauth\public\index.php(37): CodeIgniter\CodeIgniter->run()
#7 D:\Projek\CI4\ci4-myauth\system\Commands\Server\rewrite.php(43): require_once('...')
#8 {main}
CRITICAL - 2022-01-31 18:45:17 --> Invalid file: pagas/index.php
#0 D:\Projek\CI4\ci4-myauth\system\View\View.php(198): CodeIgniter\Exceptions\FrameworkException::forInvalidFile()
#1 D:\Projek\CI4\ci4-myauth\system\Common.php(1089): CodeIgniter\View\View->render()
#2 D:\Projek\CI4\ci4-myauth\app\Controllers\Home.php(9): view()
#3 D:\Projek\CI4\ci4-myauth\system\CodeIgniter.php(825): App\Controllers\Home->index()
#4 D:\Projek\CI4\ci4-myauth\system\CodeIgniter.php(412): CodeIgniter\CodeIgniter->runController()
#5 D:\Projek\CI4\ci4-myauth\system\CodeIgniter.php(320): CodeIgniter\CodeIgniter->handleRequest()
#6 D:\Projek\CI4\ci4-myauth\public\index.php(37): CodeIgniter\CodeIgniter->run()
#7 D:\Projek\CI4\ci4-myauth\system\Commands\Server\rewrite.php(43): require_once('...')
#8 {main}
CRITICAL - 2022-01-31 18:45:31 --> Invalid file: pages.php
#0 D:\Projek\CI4\ci4-myauth\system\View\View.php(198): CodeIgniter\Exceptions\FrameworkException::forInvalidFile()
#1 D:\Projek\CI4\ci4-myauth\system\Common.php(1089): CodeIgniter\View\View->render()
#2 D:\Projek\CI4\ci4-myauth\app\Controllers\Home.php(9): view()
#3 D:\Projek\CI4\ci4-myauth\system\CodeIgniter.php(825): App\Controllers\Home->index()
#4 D:\Projek\CI4\ci4-myauth\system\CodeIgniter.php(412): CodeIgniter\CodeIgniter->runController()
#5 D:\Projek\CI4\ci4-myauth\system\CodeIgniter.php(320): CodeIgniter\CodeIgniter->handleRequest()
#6 D:\Projek\CI4\ci4-myauth\public\index.php(37): CodeIgniter\CodeIgniter->run()
#7 D:\Projek\CI4\ci4-myauth\system\Commands\Server\rewrite.php(43): require_once('...')
#8 {main}
CRITICAL - 2022-01-31 18:45:35 --> Invalid file: pages/.php
#0 D:\Projek\CI4\ci4-myauth\system\View\View.php(198): CodeIgniter\Exceptions\FrameworkException::forInvalidFile()
#1 D:\Projek\CI4\ci4-myauth\system\Common.php(1089): CodeIgniter\View\View->render()
#2 D:\Projek\CI4\ci4-myauth\app\Controllers\Home.php(9): view()
#3 D:\Projek\CI4\ci4-myauth\system\CodeIgniter.php(825): App\Controllers\Home->index()
#4 D:\Projek\CI4\ci4-myauth\system\CodeIgniter.php(412): CodeIgniter\CodeIgniter->runController()
#5 D:\Projek\CI4\ci4-myauth\system\CodeIgniter.php(320): CodeIgniter\CodeIgniter->handleRequest()
#6 D:\Projek\CI4\ci4-myauth\public\index.php(37): CodeIgniter\CodeIgniter->run()
#7 D:\Projek\CI4\ci4-myauth\system\Commands\Server\rewrite.php(43): require_once('...')
#8 {main}
CRITICAL - 2022-01-31 18:50:36 --> Attempt to read property "username" on null
#0 D:\Projek\CI4\ci4-myauth\app\Views\config\main_sidebar.php(17): CodeIgniter\Debug\Exceptions->errorHandler()
#1 D:\Projek\CI4\ci4-myauth\system\View\View.php(210): include('...')
#2 D:\Projek\CI4\ci4-myauth\system\View\View.php(213): CodeIgniter\View\View->CodeIgniter\View\{closure}()
#3 D:\Projek\CI4\ci4-myauth\system\View\View.php(424): CodeIgniter\View\View->render()
#4 D:\Projek\CI4\ci4-myauth\app\Views\config\template.php(41): CodeIgniter\View\View->include()
#5 D:\Projek\CI4\ci4-myauth\system\View\View.php(210): include('...')
#6 D:\Projek\CI4\ci4-myauth\system\View\View.php(213): CodeIgniter\View\View->CodeIgniter\View\{closure}()
#7 D:\Projek\CI4\ci4-myauth\system\View\View.php(226): CodeIgniter\View\View->render()
#8 D:\Projek\CI4\ci4-myauth\system\Common.php(1089): CodeIgniter\View\View->render()
#9 D:\Projek\CI4\ci4-myauth\app\Controllers\Home.php(9): view()
#10 D:\Projek\CI4\ci4-myauth\system\CodeIgniter.php(825): App\Controllers\Home->index()
#11 D:\Projek\CI4\ci4-myauth\system\CodeIgniter.php(412): CodeIgniter\CodeIgniter->runController()
#12 D:\Projek\CI4\ci4-myauth\system\CodeIgniter.php(320): CodeIgniter\CodeIgniter->handleRequest()
#13 D:\Projek\CI4\ci4-myauth\public\index.php(37): CodeIgniter\CodeIgniter->run()
#14 D:\Projek\CI4\ci4-myauth\system\Commands\Server\rewrite.php(43): require_once('...')
#15 {main}
