CRITICAL - 2022-02-04 06:36:04 --> Attempt to read property "username" on null
#0 D:\Projek\CI4\ci4-myauth\app\Views\config\main_sidebar.php(17): CodeIgniter\Debug\Exceptions->errorHandler()
#1 D:\Projek\CI4\ci4-myauth\system\View\View.php(210): include('...')
#2 D:\Projek\CI4\ci4-myauth\system\View\View.php(213): CodeIgniter\View\View->CodeIgniter\View\{closure}()
#3 D:\Projek\CI4\ci4-myauth\system\View\View.php(424): CodeIgniter\View\View->render()
#4 D:\Projek\CI4\ci4-myauth\app\Views\config\template.php(41): CodeIgniter\View\View->include()
#5 D:\Projek\CI4\ci4-myauth\system\View\View.php(210): include('...')
#6 D:\Projek\CI4\ci4-myauth\system\View\View.php(213): CodeIgniter\View\View->CodeIgniter\View\{closure}()
#7 D:\Projek\CI4\ci4-myauth\system\View\View.php(226): CodeIgniter\View\View->render()
#8 D:\Projek\CI4\ci4-myauth\system\Common.php(1089): CodeIgniter\View\View->render()
#9 D:\Projek\CI4\ci4-myauth\app\Controllers\Admin.php(9): view()
#10 D:\Projek\CI4\ci4-myauth\system\CodeIgniter.php(825): App\Controllers\Admin->index()
#11 D:\Projek\CI4\ci4-myauth\system\CodeIgniter.php(412): CodeIgniter\CodeIgniter->runController()
#12 D:\Projek\CI4\ci4-myauth\system\CodeIgniter.php(320): CodeIgniter\CodeIgniter->handleRequest()
#13 D:\Projek\CI4\ci4-myauth\public\index.php(37): CodeIgniter\CodeIgniter->run()
#14 D:\Projek\CI4\ci4-myauth\system\Commands\Server\rewrite.php(43): require_once('...')
#15 {main}
CRITICAL - 2022-02-04 06:36:09 --> Attempt to read property "username" on null
#0 D:\Projek\CI4\ci4-myauth\app\Views\config\main_sidebar.php(17): CodeIgniter\Debug\Exceptions->errorHandler()
#1 D:\Projek\CI4\ci4-myauth\system\View\View.php(210): include('...')
#2 D:\Projek\CI4\ci4-myauth\system\View\View.php(213): CodeIgniter\View\View->CodeIgniter\View\{closure}()
#3 D:\Projek\CI4\ci4-myauth\system\View\View.php(424): CodeIgniter\View\View->render()
#4 D:\Projek\CI4\ci4-myauth\app\Views\config\template.php(41): CodeIgniter\View\View->include()
#5 D:\Projek\CI4\ci4-myauth\system\View\View.php(210): include('...')
#6 D:\Projek\CI4\ci4-myauth\system\View\View.php(213): CodeIgniter\View\View->CodeIgniter\View\{closure}()
#7 D:\Projek\CI4\ci4-myauth\system\View\View.php(226): CodeIgniter\View\View->render()
#8 D:\Projek\CI4\ci4-myauth\system\Common.php(1089): CodeIgniter\View\View->render()
#9 D:\Projek\CI4\ci4-myauth\app\Controllers\Admin.php(9): view()
#10 D:\Projek\CI4\ci4-myauth\system\CodeIgniter.php(825): App\Controllers\Admin->index()
#11 D:\Projek\CI4\ci4-myauth\system\CodeIgniter.php(412): CodeIgniter\CodeIgniter->runController()
#12 D:\Projek\CI4\ci4-myauth\system\CodeIgniter.php(320): CodeIgniter\CodeIgniter->handleRequest()
#13 D:\Projek\CI4\ci4-myauth\public\index.php(37): CodeIgniter\CodeIgniter->run()
#14 D:\Projek\CI4\ci4-myauth\system\Commands\Server\rewrite.php(43): require_once('...')
#15 {main}
CRITICAL - 2022-02-04 06:36:21 --> Attempt to read property "username" on null
#0 D:\Projek\CI4\ci4-myauth\app\Views\config\main_sidebar.php(17): CodeIgniter\Debug\Exceptions->errorHandler()
#1 D:\Projek\CI4\ci4-myauth\system\View\View.php(210): include('...')
#2 D:\Projek\CI4\ci4-myauth\system\View\View.php(213): CodeIgniter\View\View->CodeIgniter\View\{closure}()
#3 D:\Projek\CI4\ci4-myauth\system\View\View.php(424): CodeIgniter\View\View->render()
#4 D:\Projek\CI4\ci4-myauth\app\Views\config\template.php(41): CodeIgniter\View\View->include()
#5 D:\Projek\CI4\ci4-myauth\system\View\View.php(210): include('...')
#6 D:\Projek\CI4\ci4-myauth\system\View\View.php(213): CodeIgniter\View\View->CodeIgniter\View\{closure}()
#7 D:\Projek\CI4\ci4-myauth\system\View\View.php(226): CodeIgniter\View\View->render()
#8 D:\Projek\CI4\ci4-myauth\system\Common.php(1089): CodeIgniter\View\View->render()
#9 D:\Projek\CI4\ci4-myauth\app\Controllers\Admin.php(9): view()
#10 D:\Projek\CI4\ci4-myauth\system\CodeIgniter.php(825): App\Controllers\Admin->index()
#11 D:\Projek\CI4\ci4-myauth\system\CodeIgniter.php(412): CodeIgniter\CodeIgniter->runController()
#12 D:\Projek\CI4\ci4-myauth\system\CodeIgniter.php(320): CodeIgniter\CodeIgniter->handleRequest()
#13 D:\Projek\CI4\ci4-myauth\public\index.php(37): CodeIgniter\CodeIgniter->run()
#14 D:\Projek\CI4\ci4-myauth\system\Commands\Server\rewrite.php(43): require_once('...')
#15 {main}
