CRITICAL - 2022-02-02 07:32:19 --> Undefined constant "endSection"
#0 D:\Projek\CI4\ci4-myauth\system\View\View.php(210): include()
#1 D:\Projek\CI4\ci4-myauth\system\View\View.php(213): CodeIgniter\View\View->CodeIgniter\View\{closure}()
#2 D:\Projek\CI4\ci4-myauth\system\Common.php(1089): CodeIgniter\View\View->render()
#3 D:\Projek\CI4\ci4-myauth\vendor\myth\auth\src\Controllers\AuthController.php(429): view()
#4 D:\Projek\CI4\ci4-myauth\vendor\myth\auth\src\Controllers\AuthController.php(225): Myth\Auth\Controllers\AuthController->_render()
#5 D:\Projek\CI4\ci4-myauth\system\CodeIgniter.php(825): Myth\Auth\Controllers\AuthController->forgotPassword()
#6 D:\Projek\CI4\ci4-myauth\system\CodeIgniter.php(412): CodeIgniter\CodeIgniter->runController()
#7 D:\Projek\CI4\ci4-myauth\system\CodeIgniter.php(320): CodeIgniter\CodeIgniter->handleRequest()
#8 D:\Projek\CI4\ci4-myauth\public\index.php(37): CodeIgniter\CodeIgniter->run()
#9 D:\Projek\CI4\ci4-myauth\system\Commands\Server\rewrite.php(43): require_once('...')
#10 {main}
ERROR - 2022-02-02 07:37:58 --> Email: sendWithMail throwed mail(): Failed to connect to mailserver at &quot;localhost&quot; port 25, verify your &quot;SMTP&quot; and &quot;smtp_port&quot; setting in php.ini or use ini_set()
CRITICAL - 2022-02-02 08:39:22 --> Attempt to read property "username" on null
#0 D:\Projek\CI4\ci4-myauth\app\Views\config\main_sidebar.php(17): CodeIgniter\Debug\Exceptions->errorHandler()
#1 D:\Projek\CI4\ci4-myauth\system\View\View.php(210): include('...')
#2 D:\Projek\CI4\ci4-myauth\system\View\View.php(213): CodeIgniter\View\View->CodeIgniter\View\{closure}()
#3 D:\Projek\CI4\ci4-myauth\system\View\View.php(424): CodeIgniter\View\View->render()
#4 D:\Projek\CI4\ci4-myauth\app\Views\config\template.php(41): CodeIgniter\View\View->include()
#5 D:\Projek\CI4\ci4-myauth\system\View\View.php(210): include('...')
#6 D:\Projek\CI4\ci4-myauth\system\View\View.php(213): CodeIgniter\View\View->CodeIgniter\View\{closure}()
#7 D:\Projek\CI4\ci4-myauth\system\View\View.php(226): CodeIgniter\View\View->render()
#8 D:\Projek\CI4\ci4-myauth\system\Common.php(1089): CodeIgniter\View\View->render()
#9 D:\Projek\CI4\ci4-myauth\app\Controllers\Admin.php(9): view()
#10 D:\Projek\CI4\ci4-myauth\system\CodeIgniter.php(825): App\Controllers\Admin->index()
#11 D:\Projek\CI4\ci4-myauth\system\CodeIgniter.php(412): CodeIgniter\CodeIgniter->runController()
#12 D:\Projek\CI4\ci4-myauth\system\CodeIgniter.php(320): CodeIgniter\CodeIgniter->handleRequest()
#13 D:\Projek\CI4\ci4-myauth\public\index.php(37): CodeIgniter\CodeIgniter->run()
#14 D:\Projek\CI4\ci4-myauth\system\Commands\Server\rewrite.php(43): require_once('...')
#15 {main}
CRITICAL - 2022-02-02 08:41:16 --> Attempt to read property "username" on null
#0 D:\Projek\CI4\ci4-myauth\app\Views\config\main_sidebar.php(17): CodeIgniter\Debug\Exceptions->errorHandler()
#1 D:\Projek\CI4\ci4-myauth\system\View\View.php(210): include('...')
#2 D:\Projek\CI4\ci4-myauth\system\View\View.php(213): CodeIgniter\View\View->CodeIgniter\View\{closure}()
#3 D:\Projek\CI4\ci4-myauth\system\View\View.php(424): CodeIgniter\View\View->render()
#4 D:\Projek\CI4\ci4-myauth\app\Views\config\template.php(41): CodeIgniter\View\View->include()
#5 D:\Projek\CI4\ci4-myauth\system\View\View.php(210): include('...')
#6 D:\Projek\CI4\ci4-myauth\system\View\View.php(213): CodeIgniter\View\View->CodeIgniter\View\{closure}()
#7 D:\Projek\CI4\ci4-myauth\system\View\View.php(226): CodeIgniter\View\View->render()
#8 D:\Projek\CI4\ci4-myauth\system\Common.php(1089): CodeIgniter\View\View->render()
#9 D:\Projek\CI4\ci4-myauth\app\Controllers\Admin.php(9): view()
#10 D:\Projek\CI4\ci4-myauth\system\CodeIgniter.php(825): App\Controllers\Admin->index()
#11 D:\Projek\CI4\ci4-myauth\system\CodeIgniter.php(412): CodeIgniter\CodeIgniter->runController()
#12 D:\Projek\CI4\ci4-myauth\system\CodeIgniter.php(320): CodeIgniter\CodeIgniter->handleRequest()
#13 D:\Projek\CI4\ci4-myauth\public\index.php(37): CodeIgniter\CodeIgniter->run()
#14 D:\Projek\CI4\ci4-myauth\system\Commands\Server\rewrite.php(43): require_once('...')
#15 {main}
CRITICAL - 2022-02-02 08:41:29 --> Attempt to read property "username" on null
#0 D:\Projek\CI4\ci4-myauth\app\Views\config\main_sidebar.php(17): CodeIgniter\Debug\Exceptions->errorHandler()
#1 D:\Projek\CI4\ci4-myauth\system\View\View.php(210): include('...')
#2 D:\Projek\CI4\ci4-myauth\system\View\View.php(213): CodeIgniter\View\View->CodeIgniter\View\{closure}()
#3 D:\Projek\CI4\ci4-myauth\system\View\View.php(424): CodeIgniter\View\View->render()
#4 D:\Projek\CI4\ci4-myauth\app\Views\config\template.php(41): CodeIgniter\View\View->include()
#5 D:\Projek\CI4\ci4-myauth\system\View\View.php(210): include('...')
#6 D:\Projek\CI4\ci4-myauth\system\View\View.php(213): CodeIgniter\View\View->CodeIgniter\View\{closure}()
#7 D:\Projek\CI4\ci4-myauth\system\View\View.php(226): CodeIgniter\View\View->render()
#8 D:\Projek\CI4\ci4-myauth\system\Common.php(1089): CodeIgniter\View\View->render()
#9 D:\Projek\CI4\ci4-myauth\app\Controllers\Admin.php(9): view()
#10 D:\Projek\CI4\ci4-myauth\system\CodeIgniter.php(825): App\Controllers\Admin->index()
#11 D:\Projek\CI4\ci4-myauth\system\CodeIgniter.php(412): CodeIgniter\CodeIgniter->runController()
#12 D:\Projek\CI4\ci4-myauth\system\CodeIgniter.php(320): CodeIgniter\CodeIgniter->handleRequest()
#13 D:\Projek\CI4\ci4-myauth\public\index.php(37): CodeIgniter\CodeIgniter->run()
#14 D:\Projek\CI4\ci4-myauth\system\Commands\Server\rewrite.php(43): require_once('...')
#15 {main}
CRITICAL - 2022-02-02 08:41:54 --> Attempt to read property "username" on null
#0 D:\Projek\CI4\ci4-myauth\app\Views\config\main_sidebar.php(17): CodeIgniter\Debug\Exceptions->errorHandler()
#1 D:\Projek\CI4\ci4-myauth\system\View\View.php(210): include('...')
#2 D:\Projek\CI4\ci4-myauth\system\View\View.php(213): CodeIgniter\View\View->CodeIgniter\View\{closure}()
#3 D:\Projek\CI4\ci4-myauth\system\View\View.php(424): CodeIgniter\View\View->render()
#4 D:\Projek\CI4\ci4-myauth\app\Views\config\template.php(41): CodeIgniter\View\View->include()
#5 D:\Projek\CI4\ci4-myauth\system\View\View.php(210): include('...')
#6 D:\Projek\CI4\ci4-myauth\system\View\View.php(213): CodeIgniter\View\View->CodeIgniter\View\{closure}()
#7 D:\Projek\CI4\ci4-myauth\system\View\View.php(226): CodeIgniter\View\View->render()
#8 D:\Projek\CI4\ci4-myauth\system\Common.php(1089): CodeIgniter\View\View->render()
#9 D:\Projek\CI4\ci4-myauth\app\Controllers\Admin.php(9): view()
#10 D:\Projek\CI4\ci4-myauth\system\CodeIgniter.php(825): App\Controllers\Admin->index()
#11 D:\Projek\CI4\ci4-myauth\system\CodeIgniter.php(412): CodeIgniter\CodeIgniter->runController()
#12 D:\Projek\CI4\ci4-myauth\system\CodeIgniter.php(320): CodeIgniter\CodeIgniter->handleRequest()
#13 D:\Projek\CI4\ci4-myauth\public\index.php(37): CodeIgniter\CodeIgniter->run()
#14 D:\Projek\CI4\ci4-myauth\system\Commands\Server\rewrite.php(43): require_once('...')
#15 {main}
CRITICAL - 2022-02-02 08:42:20 --> Attempt to read property "username" on null
#0 D:\Projek\CI4\ci4-myauth\app\Views\config\main_sidebar.php(17): CodeIgniter\Debug\Exceptions->errorHandler()
#1 D:\Projek\CI4\ci4-myauth\system\View\View.php(210): include('...')
#2 D:\Projek\CI4\ci4-myauth\system\View\View.php(213): CodeIgniter\View\View->CodeIgniter\View\{closure}()
#3 D:\Projek\CI4\ci4-myauth\system\View\View.php(424): CodeIgniter\View\View->render()
#4 D:\Projek\CI4\ci4-myauth\app\Views\config\template.php(41): CodeIgniter\View\View->include()
#5 D:\Projek\CI4\ci4-myauth\system\View\View.php(210): include('...')
#6 D:\Projek\CI4\ci4-myauth\system\View\View.php(213): CodeIgniter\View\View->CodeIgniter\View\{closure}()
#7 D:\Projek\CI4\ci4-myauth\system\View\View.php(226): CodeIgniter\View\View->render()
#8 D:\Projek\CI4\ci4-myauth\system\Common.php(1089): CodeIgniter\View\View->render()
#9 D:\Projek\CI4\ci4-myauth\app\Controllers\Admin.php(9): view()
#10 D:\Projek\CI4\ci4-myauth\system\CodeIgniter.php(825): App\Controllers\Admin->index()
#11 D:\Projek\CI4\ci4-myauth\system\CodeIgniter.php(412): CodeIgniter\CodeIgniter->runController()
#12 D:\Projek\CI4\ci4-myauth\system\CodeIgniter.php(320): CodeIgniter\CodeIgniter->handleRequest()
#13 D:\Projek\CI4\ci4-myauth\public\index.php(37): CodeIgniter\CodeIgniter->run()
#14 D:\Projek\CI4\ci4-myauth\system\Commands\Server\rewrite.php(43): require_once('...')
#15 {main}
